file /home/ubuntu/Documents/.venv27scons/local/lib/python2.7/site-packages/SConsider/site_tools/ConfigureHelper.py,line 50:
	Configure(confdir = .sconf_temp)
scons: Configure: Checking for C++ header file boost/version.hpp... 
scons: Configure: ".sconf_temp/conftest_0.cpp" is up to date.
scons: Configure: The original builder output was:
  |.sconf_temp/conftest_0.cpp <-
  |  |
  |  |#include "boost/version.hpp"
  |  |
  |  |
  |
scons: Configure: ".sconf_temp/conftest_0.o" is up to date.
scons: Configure: The original builder output was:
  |g++ -o .sconf_temp/conftest_0.o -c -O3 -Waddress -Wall -Wdeprecated -Wendif-labels -Wno-system-headers -Woverloaded-virtual -Wpointer-arith -Wreturn-type -Wshadow -DARCHBITS=32 -m32 -DOS_RELMAJOR=3 -DOS_RELMINOR=16 -DOS_RELMINSUB=0 -DOS_SYSV -DOS_LINUX -D_POSIX_PTHREAD_SEMANTICS -D_REENTRANT -D_LARGEFILE64_SOURCE -DCOAST_BUILDFLAGS="\"OPT\"" -DCOAST_COMPILER="\"g++_4.9.1\"" .sconf_temp/conftest_0.cpp
  |
scons: Configure: (cached) yes

scons: Configure: Checking for C++ library boost_regex... 
scons: Configure: ".sconf_temp/conftest_1.cpp" is up to date.
scons: Configure: The original builder output was:
  |.sconf_temp/conftest_1.cpp <-
  |  |
  |  |
  |  |#include "boost/regex.h"
  |  |
  |  |int
  |  |main() {
  |  |  
  |  |return 0;
  |  |}
  |  |
  |
scons: Configure: ".sconf_temp/conftest_1.o" is up to date.
scons: Configure: The original builder output was:
  |g++ -o .sconf_temp/conftest_1.o -c -O3 -Waddress -Wall -Wdeprecated -Wendif-labels -Wno-system-headers -Woverloaded-virtual -Wpointer-arith -Wreturn-type -Wshadow -DARCHBITS=32 -m32 -DOS_RELMAJOR=3 -DOS_RELMINOR=16 -DOS_RELMINSUB=0 -DOS_SYSV -DOS_LINUX -D_POSIX_PTHREAD_SEMANTICS -D_REENTRANT -D_LARGEFILE64_SOURCE -DCOAST_BUILDFLAGS="\"OPT\"" -DCOAST_COMPILER="\"g++_4.9.1\"" -DHAS_BOOST .sconf_temp/conftest_1.cpp
  |
scons: Configure: Building ".sconf_temp/conftest_1" failed in a previous run and all its sources are up to date.
scons: Configure: The original builder output was:
  |g++ -o .sconf_temp/conftest_1 -nodefaultlibs -m32 -z defs -z now -Wl,-rpath-link=/home/ubuntu/workspace/coast/lib/Linux_glibc_2.9-x86_64-32_optimized .sconf_temp/conftest_1.o -Llib/Linux_glibc_2.9-x86_64-32_optimized -lrt -lm -lgcc -lgcc_s -ldl -lc -lnsl -lboost_regex -lstdc++
  |
scons: Configure: (cached) no

scons: Configure: Checking for C++ library boost_system... 
scons: Configure: ".sconf_temp/conftest_2.cpp" is up to date.
scons: Configure: The original builder output was:
  |.sconf_temp/conftest_2.cpp <-
  |  |
  |  |
  |  |#include "boost/system/error_code.hpp"
  |  |
  |  |int
  |  |main() {
  |  |  
  |  |return 0;
  |  |}
  |  |
  |
scons: Configure: ".sconf_temp/conftest_2.o" is up to date.
scons: Configure: The original builder output was:
  |g++ -o .sconf_temp/conftest_2.o -c -O3 -Waddress -Wall -Wdeprecated -Wendif-labels -Wno-system-headers -Woverloaded-virtual -Wpointer-arith -Wreturn-type -Wshadow -DARCHBITS=32 -m32 -DOS_RELMAJOR=3 -DOS_RELMINOR=16 -DOS_RELMINSUB=0 -DOS_SYSV -DOS_LINUX -D_POSIX_PTHREAD_SEMANTICS -D_REENTRANT -D_LARGEFILE64_SOURCE -DCOAST_BUILDFLAGS="\"OPT\"" -DCOAST_COMPILER="\"g++_4.9.1\"" -DHAS_BOOST .sconf_temp/conftest_2.cpp
  |
scons: Configure: Building ".sconf_temp/conftest_2" failed in a previous run and all its sources are up to date.
scons: Configure: The original builder output was:
  |g++ -o .sconf_temp/conftest_2 -nodefaultlibs -m32 -z defs -z now -Wl,-rpath-link=/home/ubuntu/workspace/coast/lib/Linux_glibc_2.9-x86_64-32_optimized .sconf_temp/conftest_2.o -Llib/Linux_glibc_2.9-x86_64-32_optimized -lrt -lm -lgcc -lgcc_s -ldl -lc -lnsl -lboost_system -lstdc++
  |
scons: Configure: (cached) no


