2015-02-18 19:57:20,395 ERROR g++: /home/ubuntu/Documents/coast/.code2Compile.1424285840.28.o was not created, check compiler output for errors:
---- stdout ----

---- stderr ----
Using built-in specs.
COLLECT_GCC=g++
COLLECT_LTO_WRAPPER=/usr/lib/gcc/x86_64-linux-gnu/4.9/lto-wrapper
Target: x86_64-linux-gnu
Configured with: ../src/configure -v --with-pkgversion='Ubuntu 4.9.1-16ubuntu6' --with-bugurl=file:///usr/share/doc/gcc-4.9/README.Bugs --enable-languages=c,c++,java,go,d,fortran,objc,obj-c++ --prefix=/usr --program-suffix=-4.9 --enable-shared --enable-linker-build-id --libexecdir=/usr/lib --without-included-gettext --enable-threads=posix --with-gxx-include-dir=/usr/include/c++/4.9 --libdir=/usr/lib --enable-nls --with-sysroot=/ --enable-clocale=gnu --enable-libstdcxx-debug --enable-libstdcxx-time=yes --enable-gnu-unique-object --disable-vtable-verify --enable-plugin --with-system-zlib --disable-browser-plugin --enable-java-awt=gtk --enable-gtk-cairo --with-java-home=/usr/lib/jvm/java-1.5.0-gcj-4.9-amd64/jre --enable-java-home --with-jvm-root-dir=/usr/lib/jvm/java-1.5.0-gcj-4.9-amd64 --with-jvm-jar-dir=/usr/lib/jvm-exports/java-1.5.0-gcj-4.9-amd64 --with-arch-directory=amd64 --with-ecj-jar=/usr/share/java/eclipse-ecj.jar --enable-objc-gc --enable-multiarch --disable-werror --with-arch-32=i686 --with-abi=m64 --with-multilib-list=m32,m64,mx32 --enable-multilib --with-tune=generic --enable-checking=release --build=x86_64-linux-gnu --host=x86_64-linux-gnu --target=x86_64-linux-gnu
Thread model: posix
gcc version 4.9.1 (Ubuntu 4.9.1-16ubuntu6) 
COLLECT_GCC_OPTIONS='-v' '-o' '/home/ubuntu/Documents/coast/.code2Compile.1424285840.28.o' '-m32' '-shared-libgcc' '-mtune=generic' '-march=i686'
 /usr/lib/gcc/x86_64-linux-gnu/4.9/cc1plus -quiet -v -imultilib 32 -imultiarch i386-linux-gnu -D_GNU_SOURCE /home/ubuntu/Documents/coast/.code2Compile.1424285840.28 -quiet -dumpbase .code2Compile.1424285840.28 -m32 -mtune=generic -march=i686 -auxbase .code2Compile.1424285840 -version -fstack-protector-strong -Wformat -Wformat-security -o /tmp/ccoNxE5O.s
GNU C++ (Ubuntu 4.9.1-16ubuntu6) version 4.9.1 (x86_64-linux-gnu)
	compiled by GNU C version 4.9.1, GMP version 6.0.0, MPFR version 3.1.2-p3, MPC version 1.0.2
GGC heuristics: --param ggc-min-expand=100 --param ggc-min-heapsize=131072
ignoring nonexistent directory "/usr/include/x86_64-linux-gnu/c++/4.9/32"
ignoring nonexistent directory "/usr/include/i386-linux-gnu/c++/4.9"
ignoring nonexistent directory "/usr/local/include/i386-linux-gnu"
ignoring nonexistent directory "/usr/lib/gcc/x86_64-linux-gnu/4.9/../../../../x86_64-linux-gnu/include"
ignoring nonexistent directory "/usr/include/i386-linux-gnu"
#include "..." search starts here:
#include <...> search starts here:
 /usr/include/c++/4.9
 /usr/include/c++/4.9/backward
 /usr/lib/gcc/x86_64-linux-gnu/4.9/include
 /usr/local/include
 /usr/lib/gcc/x86_64-linux-gnu/4.9/include-fixed
 /usr/include
End of search list.
GNU C++ (Ubuntu 4.9.1-16ubuntu6) version 4.9.1 (x86_64-linux-gnu)
	compiled by GNU C version 4.9.1, GMP version 6.0.0, MPFR version 3.1.2-p3, MPC version 1.0.2
GGC heuristics: --param ggc-min-expand=100 --param ggc-min-heapsize=131072
Compiler executable checksum: aa52c0f06fac518e33c4b80ee2146d68
In file included from /home/ubuntu/Documents/coast/.code2Compile.1424285840.28:1:0:
/usr/include/c++/4.9/cstdlib:41:28: fatal error: bits/c++config.h: No such file or directory
 #include <bits/c++config.h>
                            ^
compilation terminated.
Traceback (most recent call last):
  File "/home/ubuntu/Documents/.venv27scons/local/lib/python2.7/site-packages/SConsider/site_tools/g++.py", line 116, in generate
    os.remove(outFile)
OSError: [Errno 2] No such file or directory: '/home/ubuntu/Documents/coast/.code2Compile.1424285840.28.o'
2015-02-18 19:57:25,437 ERROR g++: /home/ubuntu/Documents/coast/.code2Compile.1424285845.41.o was not created, check compiler output for errors:
---- stdout ----

---- stderr ----
Using built-in specs.
COLLECT_GCC=g++
COLLECT_LTO_WRAPPER=/usr/lib/gcc/x86_64-linux-gnu/4.9/lto-wrapper
Target: x86_64-linux-gnu
Configured with: ../src/configure -v --with-pkgversion='Ubuntu 4.9.1-16ubuntu6' --with-bugurl=file:///usr/share/doc/gcc-4.9/README.Bugs --enable-languages=c,c++,java,go,d,fortran,objc,obj-c++ --prefix=/usr --program-suffix=-4.9 --enable-shared --enable-linker-build-id --libexecdir=/usr/lib --without-included-gettext --enable-threads=posix --with-gxx-include-dir=/usr/include/c++/4.9 --libdir=/usr/lib --enable-nls --with-sysroot=/ --enable-clocale=gnu --enable-libstdcxx-debug --enable-libstdcxx-time=yes --enable-gnu-unique-object --disable-vtable-verify --enable-plugin --with-system-zlib --disable-browser-plugin --enable-java-awt=gtk --enable-gtk-cairo --with-java-home=/usr/lib/jvm/java-1.5.0-gcj-4.9-amd64/jre --enable-java-home --with-jvm-root-dir=/usr/lib/jvm/java-1.5.0-gcj-4.9-amd64 --with-jvm-jar-dir=/usr/lib/jvm-exports/java-1.5.0-gcj-4.9-amd64 --with-arch-directory=amd64 --with-ecj-jar=/usr/share/java/eclipse-ecj.jar --enable-objc-gc --enable-multiarch --disable-werror --with-arch-32=i686 --with-abi=m64 --with-multilib-list=m32,m64,mx32 --enable-multilib --with-tune=generic --enable-checking=release --build=x86_64-linux-gnu --host=x86_64-linux-gnu --target=x86_64-linux-gnu
Thread model: posix
gcc version 4.9.1 (Ubuntu 4.9.1-16ubuntu6) 
COLLECT_GCC_OPTIONS='-v' '-o' '/home/ubuntu/Documents/coast/.code2Compile.1424285845.41.o' '-m32' '-shared-libgcc' '-mtune=generic' '-march=i686'
 /usr/lib/gcc/x86_64-linux-gnu/4.9/cc1plus -quiet -v -imultilib 32 -imultiarch i386-linux-gnu -D_GNU_SOURCE /home/ubuntu/Documents/coast/.code2Compile.1424285845.41 -quiet -dumpbase .code2Compile.1424285845.41 -m32 -mtune=generic -march=i686 -auxbase .code2Compile.1424285845 -version -fstack-protector-strong -Wformat -Wformat-security -o /tmp/ccS0CMLe.s
GNU C++ (Ubuntu 4.9.1-16ubuntu6) version 4.9.1 (x86_64-linux-gnu)
	compiled by GNU C version 4.9.1, GMP version 6.0.0, MPFR version 3.1.2-p3, MPC version 1.0.2
GGC heuristics: --param ggc-min-expand=100 --param ggc-min-heapsize=131072
ignoring nonexistent directory "/usr/include/x86_64-linux-gnu/c++/4.9/32"
ignoring nonexistent directory "/usr/include/i386-linux-gnu/c++/4.9"
ignoring nonexistent directory "/usr/local/include/i386-linux-gnu"
ignoring nonexistent directory "/usr/lib/gcc/x86_64-linux-gnu/4.9/../../../../x86_64-linux-gnu/include"
ignoring nonexistent directory "/usr/include/i386-linux-gnu"
#include "..." search starts here:
#include <...> search starts here:
 /usr/include/c++/4.9
 /usr/include/c++/4.9/backward
 /usr/lib/gcc/x86_64-linux-gnu/4.9/include
 /usr/local/include
 /usr/lib/gcc/x86_64-linux-gnu/4.9/include-fixed
 /usr/include
End of search list.
GNU C++ (Ubuntu 4.9.1-16ubuntu6) version 4.9.1 (x86_64-linux-gnu)
	compiled by GNU C version 4.9.1, GMP version 6.0.0, MPFR version 3.1.2-p3, MPC version 1.0.2
GGC heuristics: --param ggc-min-expand=100 --param ggc-min-heapsize=131072
Compiler executable checksum: aa52c0f06fac518e33c4b80ee2146d68
In file included from /home/ubuntu/Documents/coast/.code2Compile.1424285845.41:1:0:
/usr/include/c++/4.9/cstdlib:41:28: fatal error: bits/c++config.h: No such file or directory
 #include <bits/c++config.h>
                            ^
compilation terminated.
Traceback (most recent call last):
  File "/home/ubuntu/Documents/.venv27scons/local/lib/python2.7/site-packages/SConsider/site_tools/g++.py", line 116, in generate
    os.remove(outFile)
OSError: [Errno 2] No such file or directory: '/home/ubuntu/Documents/coast/.code2Compile.1424285845.41.o'
2015-02-18 19:58:52,441 ERROR g++: /home/ubuntu/Documents/coast/.code2Compile.1424285932.41.o was not created, check compiler output for errors:
---- stdout ----

---- stderr ----
Using built-in specs.
COLLECT_GCC=g++
COLLECT_LTO_WRAPPER=/usr/lib/gcc/x86_64-linux-gnu/4.9/lto-wrapper
Target: x86_64-linux-gnu
Configured with: ../src/configure -v --with-pkgversion='Ubuntu 4.9.1-16ubuntu6' --with-bugurl=file:///usr/share/doc/gcc-4.9/README.Bugs --enable-languages=c,c++,java,go,d,fortran,objc,obj-c++ --prefix=/usr --program-suffix=-4.9 --enable-shared --enable-linker-build-id --libexecdir=/usr/lib --without-included-gettext --enable-threads=posix --with-gxx-include-dir=/usr/include/c++/4.9 --libdir=/usr/lib --enable-nls --with-sysroot=/ --enable-clocale=gnu --enable-libstdcxx-debug --enable-libstdcxx-time=yes --enable-gnu-unique-object --disable-vtable-verify --enable-plugin --with-system-zlib --disable-browser-plugin --enable-java-awt=gtk --enable-gtk-cairo --with-java-home=/usr/lib/jvm/java-1.5.0-gcj-4.9-amd64/jre --enable-java-home --with-jvm-root-dir=/usr/lib/jvm/java-1.5.0-gcj-4.9-amd64 --with-jvm-jar-dir=/usr/lib/jvm-exports/java-1.5.0-gcj-4.9-amd64 --with-arch-directory=amd64 --with-ecj-jar=/usr/share/java/eclipse-ecj.jar --enable-objc-gc --enable-multiarch --disable-werror --with-arch-32=i686 --with-abi=m64 --with-multilib-list=m32,m64,mx32 --enable-multilib --with-tune=generic --enable-checking=release --build=x86_64-linux-gnu --host=x86_64-linux-gnu --target=x86_64-linux-gnu
Thread model: posix
gcc version 4.9.1 (Ubuntu 4.9.1-16ubuntu6) 
COLLECT_GCC_OPTIONS='-v' '-o' '/home/ubuntu/Documents/coast/.code2Compile.1424285932.41.o' '-m32' '-shared-libgcc' '-mtune=generic' '-march=i686'
 /usr/lib/gcc/x86_64-linux-gnu/4.9/cc1plus -quiet -v -imultilib 32 -imultiarch i386-linux-gnu -D_GNU_SOURCE /home/ubuntu/Documents/coast/.code2Compile.1424285932.41 -quiet -dumpbase .code2Compile.1424285932.41 -m32 -mtune=generic -march=i686 -auxbase .code2Compile.1424285932 -version -fstack-protector-strong -Wformat -Wformat-security -o /tmp/ccDuQjdF.s
GNU C++ (Ubuntu 4.9.1-16ubuntu6) version 4.9.1 (x86_64-linux-gnu)
	compiled by GNU C version 4.9.1, GMP version 6.0.0, MPFR version 3.1.2-p3, MPC version 1.0.2
GGC heuristics: --param ggc-min-expand=100 --param ggc-min-heapsize=131072
ignoring nonexistent directory "/usr/include/x86_64-linux-gnu/c++/4.9/32"
ignoring nonexistent directory "/usr/include/i386-linux-gnu/c++/4.9"
ignoring nonexistent directory "/usr/local/include/i386-linux-gnu"
ignoring nonexistent directory "/usr/lib/gcc/x86_64-linux-gnu/4.9/../../../../x86_64-linux-gnu/include"
ignoring nonexistent directory "/usr/include/i386-linux-gnu"
#include "..." search starts here:
#include <...> search starts here:
 /usr/include/c++/4.9
 /usr/include/c++/4.9/backward
 /usr/lib/gcc/x86_64-linux-gnu/4.9/include
 /usr/local/include
 /usr/lib/gcc/x86_64-linux-gnu/4.9/include-fixed
 /usr/include
End of search list.
GNU C++ (Ubuntu 4.9.1-16ubuntu6) version 4.9.1 (x86_64-linux-gnu)
	compiled by GNU C version 4.9.1, GMP version 6.0.0, MPFR version 3.1.2-p3, MPC version 1.0.2
GGC heuristics: --param ggc-min-expand=100 --param ggc-min-heapsize=131072
Compiler executable checksum: aa52c0f06fac518e33c4b80ee2146d68
In file included from /home/ubuntu/Documents/coast/.code2Compile.1424285932.41:1:0:
/usr/include/c++/4.9/cstdlib:41:28: fatal error: bits/c++config.h: No such file or directory
 #include <bits/c++config.h>
                            ^
compilation terminated.
Traceback (most recent call last):
  File "/home/ubuntu/Documents/.venv27scons/local/lib/python2.7/site-packages/SConsider/site_tools/g++.py", line 116, in generate
    os.remove(outFile)
OSError: [Errno 2] No such file or directory: '/home/ubuntu/Documents/coast/.code2Compile.1424285932.41.o'
2015-02-18 23:30:40,347 ERROR gcc: /home/ubuntu/Documents/coast/.code2Compile.1424298640.32.o was not created, check compiler output for errors:
---- stdout ----

---- stderr ----
Using built-in specs.
COLLECT_GCC=gcc
COLLECT_LTO_WRAPPER=/usr/lib/gcc/x86_64-linux-gnu/4.9/lto-wrapper
Target: x86_64-linux-gnu
Configured with: ../src/configure -v --with-pkgversion='Ubuntu 4.9.1-16ubuntu6' --with-bugurl=file:///usr/share/doc/gcc-4.9/README.Bugs --enable-languages=c,c++,java,go,d,fortran,objc,obj-c++ --prefix=/usr --program-suffix=-4.9 --enable-shared --enable-linker-build-id --libexecdir=/usr/lib --without-included-gettext --enable-threads=posix --with-gxx-include-dir=/usr/include/c++/4.9 --libdir=/usr/lib --enable-nls --with-sysroot=/ --enable-clocale=gnu --enable-libstdcxx-debug --enable-libstdcxx-time=yes --enable-gnu-unique-object --disable-vtable-verify --enable-plugin --with-system-zlib --disable-browser-plugin --enable-java-awt=gtk --enable-gtk-cairo --with-java-home=/usr/lib/jvm/java-1.5.0-gcj-4.9-amd64/jre --enable-java-home --with-jvm-root-dir=/usr/lib/jvm/java-1.5.0-gcj-4.9-amd64 --with-jvm-jar-dir=/usr/lib/jvm-exports/java-1.5.0-gcj-4.9-amd64 --with-arch-directory=amd64 --with-ecj-jar=/usr/share/java/eclipse-ecj.jar --enable-objc-gc --enable-multiarch --disable-werror --with-arch-32=i686 --with-abi=m64 --with-multilib-list=m32,m64,mx32 --enable-multilib --with-tune=generic --enable-checking=release --build=x86_64-linux-gnu --host=x86_64-linux-gnu --target=x86_64-linux-gnu
Thread model: posix
gcc version 4.9.1 (Ubuntu 4.9.1-16ubuntu6) 
COLLECT_GCC_OPTIONS='-v' '-o' '/home/ubuntu/Documents/coast/.code2Compile.1424298640.32.o' '-m32' '-mtune=generic' '-march=i686'
 /usr/lib/gcc/x86_64-linux-gnu/4.9/cc1 -quiet -v -imultilib 32 -imultiarch i386-linux-gnu /home/ubuntu/Documents/coast/.code2Compile.1424298640.32 -quiet -dumpbase .code2Compile.1424298640.32 -m32 -mtune=generic -march=i686 -auxbase .code2Compile.1424298640 -version -fstack-protector-strong -Wformat -Wformat-security -o /tmp/ccdf39PS.s
GNU C (Ubuntu 4.9.1-16ubuntu6) version 4.9.1 (x86_64-linux-gnu)
	compiled by GNU C version 4.9.1, GMP version 6.0.0, MPFR version 3.1.2-p3, MPC version 1.0.2
GGC heuristics: --param ggc-min-expand=100 --param ggc-min-heapsize=131072
ignoring nonexistent directory "/usr/local/include/i386-linux-gnu"
ignoring nonexistent directory "/usr/lib/gcc/x86_64-linux-gnu/4.9/../../../../x86_64-linux-gnu/include"
ignoring nonexistent directory "/usr/include/i386-linux-gnu"
#include "..." search starts here:
#include <...> search starts here:
 /usr/lib/gcc/x86_64-linux-gnu/4.9/include
 /usr/local/include
 /usr/lib/gcc/x86_64-linux-gnu/4.9/include-fixed
 /usr/include
End of search list.
GNU C (Ubuntu 4.9.1-16ubuntu6) version 4.9.1 (x86_64-linux-gnu)
	compiled by GNU C version 4.9.1, GMP version 6.0.0, MPFR version 3.1.2-p3, MPC version 1.0.2
GGC heuristics: --param ggc-min-expand=100 --param ggc-min-heapsize=131072
Compiler executable checksum: 105862d1fb87b776c306027401b34b59
In file included from /usr/include/stdlib.h:24:0,
                 from /home/ubuntu/Documents/coast/.code2Compile.1424298640.32:1:
/usr/include/features.h:374:25: fatal error: sys/cdefs.h: No such file or directory
 #  include <sys/cdefs.h>
                         ^
compilation terminated.
Traceback (most recent call last):
  File "/usr/local/lib/python2.7/dist-packages/SConsider/site_tools/gcc.py", line 106, in generate
    os.remove(outFile)
OSError: [Errno 2] No such file or directory: '/home/ubuntu/Documents/coast/.code2Compile.1424298640.32.o'
2015-02-18 23:30:59,025 ERROR g++: /home/ubuntu/Documents/coast/.code2Compile.1424298659.0.o was not created, check compiler output for errors:
---- stdout ----

---- stderr ----
Using built-in specs.
COLLECT_GCC=g++
COLLECT_LTO_WRAPPER=/usr/lib/gcc/x86_64-linux-gnu/4.9/lto-wrapper
Target: x86_64-linux-gnu
Configured with: ../src/configure -v --with-pkgversion='Ubuntu 4.9.1-16ubuntu6' --with-bugurl=file:///usr/share/doc/gcc-4.9/README.Bugs --enable-languages=c,c++,java,go,d,fortran,objc,obj-c++ --prefix=/usr --program-suffix=-4.9 --enable-shared --enable-linker-build-id --libexecdir=/usr/lib --without-included-gettext --enable-threads=posix --with-gxx-include-dir=/usr/include/c++/4.9 --libdir=/usr/lib --enable-nls --with-sysroot=/ --enable-clocale=gnu --enable-libstdcxx-debug --enable-libstdcxx-time=yes --enable-gnu-unique-object --disable-vtable-verify --enable-plugin --with-system-zlib --disable-browser-plugin --enable-java-awt=gtk --enable-gtk-cairo --with-java-home=/usr/lib/jvm/java-1.5.0-gcj-4.9-amd64/jre --enable-java-home --with-jvm-root-dir=/usr/lib/jvm/java-1.5.0-gcj-4.9-amd64 --with-jvm-jar-dir=/usr/lib/jvm-exports/java-1.5.0-gcj-4.9-amd64 --with-arch-directory=amd64 --with-ecj-jar=/usr/share/java/eclipse-ecj.jar --enable-objc-gc --enable-multiarch --disable-werror --with-arch-32=i686 --with-abi=m64 --with-multilib-list=m32,m64,mx32 --enable-multilib --with-tune=generic --enable-checking=release --build=x86_64-linux-gnu --host=x86_64-linux-gnu --target=x86_64-linux-gnu
Thread model: posix
gcc version 4.9.1 (Ubuntu 4.9.1-16ubuntu6) 
COLLECT_GCC_OPTIONS='-v' '-o' '/home/ubuntu/Documents/coast/.code2Compile.1424298659.0.o' '-m32' '-shared-libgcc' '-mtune=generic' '-march=i686'
 /usr/lib/gcc/x86_64-linux-gnu/4.9/cc1plus -quiet -v -imultilib 32 -imultiarch i386-linux-gnu -D_GNU_SOURCE /home/ubuntu/Documents/coast/.code2Compile.1424298659.0 -quiet -dumpbase .code2Compile.1424298659.0 -m32 -mtune=generic -march=i686 -auxbase .code2Compile.1424298659 -version -fstack-protector-strong -Wformat -Wformat-security -o /tmp/ccRyDahE.s
GNU C++ (Ubuntu 4.9.1-16ubuntu6) version 4.9.1 (x86_64-linux-gnu)
	compiled by GNU C version 4.9.1, GMP version 6.0.0, MPFR version 3.1.2-p3, MPC version 1.0.2
GGC heuristics: --param ggc-min-expand=100 --param ggc-min-heapsize=131072
ignoring nonexistent directory "/usr/include/x86_64-linux-gnu/c++/4.9/32"
ignoring nonexistent directory "/usr/include/i386-linux-gnu/c++/4.9"
ignoring nonexistent directory "/usr/local/include/i386-linux-gnu"
ignoring nonexistent directory "/usr/lib/gcc/x86_64-linux-gnu/4.9/../../../../x86_64-linux-gnu/include"
ignoring nonexistent directory "/usr/include/i386-linux-gnu"
#include "..." search starts here:
#include <...> search starts here:
 /usr/include/c++/4.9
 /usr/include/c++/4.9/backward
 /usr/lib/gcc/x86_64-linux-gnu/4.9/include
 /usr/local/include
 /usr/lib/gcc/x86_64-linux-gnu/4.9/include-fixed
 /usr/include
End of search list.
GNU C++ (Ubuntu 4.9.1-16ubuntu6) version 4.9.1 (x86_64-linux-gnu)
	compiled by GNU C version 4.9.1, GMP version 6.0.0, MPFR version 3.1.2-p3, MPC version 1.0.2
GGC heuristics: --param ggc-min-expand=100 --param ggc-min-heapsize=131072
Compiler executable checksum: aa52c0f06fac518e33c4b80ee2146d68
In file included from /home/ubuntu/Documents/coast/.code2Compile.1424298659.0:1:0:
/usr/include/c++/4.9/cstdlib:41:28: fatal error: bits/c++config.h: No such file or directory
 #include <bits/c++config.h>
                            ^
compilation terminated.
Traceback (most recent call last):
  File "/usr/local/lib/python2.7/dist-packages/SConsider/site_tools/g++.py", line 116, in generate
    os.remove(outFile)
OSError: [Errno 2] No such file or directory: '/home/ubuntu/Documents/coast/.code2Compile.1424298659.0.o'
